{"/home/laboratoria/Área de Trabalho/Testes/card/index.js":{"path":"/home/laboratoria/Área de Trabalho/Testes/card/index.js","statementMap":{"0":{"start":{"line":4,"column":1},"end":{"line":60,"column":1}},"1":{"start":{"line":5,"column":3},"end":{"line":5,"column":17}},"2":{"start":{"line":7,"column":7},"end":{"line":60,"column":1}},"3":{"start":{"line":8,"column":3},"end":{"line":8,"column":17}},"4":{"start":{"line":10,"column":6},"end":{"line":60,"column":1}},"5":{"start":{"line":11,"column":4},"end":{"line":11,"column":18}},"6":{"start":{"line":15,"column":15},"end":{"line":15,"column":16}},"7":{"start":{"line":16,"column":14},"end":{"line":16,"column":15}},"8":{"start":{"line":17,"column":11},"end":{"line":17,"column":12}},"9":{"start":{"line":20,"column":22},"end":{"line":20,"column":24}},"10":{"start":{"line":21,"column":21},"end":{"line":21,"column":23}},"11":{"start":{"line":22,"column":23},"end":{"line":22,"column":25}},"12":{"start":{"line":24,"column":1},"end":{"line":24,"column":38}},"13":{"start":{"line":25,"column":1},"end":{"line":27,"column":2}},"14":{"start":{"line":26,"column":2},"end":{"line":26,"column":49}},"15":{"start":{"line":29,"column":22},"end":{"line":29,"column":45}},"16":{"start":{"line":32,"column":1},"end":{"line":44,"column":2}},"17":{"start":{"line":33,"column":2},"end":{"line":43,"column":3}},"18":{"start":{"line":34,"column":3},"end":{"line":34,"column":31}},"19":{"start":{"line":35,"column":8},"end":{"line":40,"column":4}},"20":{"start":{"line":36,"column":4},"end":{"line":36,"column":21}},"21":{"start":{"line":37,"column":4},"end":{"line":37,"column":31}},"22":{"start":{"line":39,"column":4},"end":{"line":39,"column":30}},"23":{"start":{"line":42,"column":3},"end":{"line":42,"column":40}},"24":{"start":{"line":46,"column":14},"end":{"line":48,"column":3}},"25":{"start":{"line":47,"column":3},"end":{"line":47,"column":16}},"26":{"start":{"line":49,"column":13},"end":{"line":51,"column":3}},"27":{"start":{"line":50,"column":3},"end":{"line":50,"column":16}},"28":{"start":{"line":53,"column":1},"end":{"line":53,"column":24}},"29":{"start":{"line":54,"column":1},"end":{"line":59,"column":1}},"30":{"start":{"line":55,"column":4},"end":{"line":55,"column":18}},"31":{"start":{"line":57,"column":2},"end":{"line":57,"column":17}},"32":{"start":{"line":62,"column":0},"end":{"line":62,"column":31}}},"fnMap":{"0":{"name":"cardValidador","decl":{"start":{"line":3,"column":9},"end":{"line":3,"column":22}},"loc":{"start":{"line":3,"column":35},"end":{"line":61,"column":1}},"line":3},"1":{"name":"(anonymous_1)","decl":{"start":{"line":46,"column":36},"end":{"line":46,"column":37}},"loc":{"start":{"line":46,"column":51},"end":{"line":48,"column":2}},"line":46},"2":{"name":"(anonymous_2)","decl":{"start":{"line":49,"column":34},"end":{"line":49,"column":35}},"loc":{"start":{"line":49,"column":49},"end":{"line":51,"column":2}},"line":49}},"branchMap":{"0":{"loc":{"start":{"line":4,"column":1},"end":{"line":60,"column":1}},"type":"if","locations":[{"start":{"line":4,"column":1},"end":{"line":60,"column":1}},{"start":{"line":4,"column":1},"end":{"line":60,"column":1}}],"line":4},"1":{"loc":{"start":{"line":7,"column":7},"end":{"line":60,"column":1}},"type":"if","locations":[{"start":{"line":7,"column":7},"end":{"line":60,"column":1}},{"start":{"line":7,"column":7},"end":{"line":60,"column":1}}],"line":7},"2":{"loc":{"start":{"line":10,"column":6},"end":{"line":60,"column":1}},"type":"if","locations":[{"start":{"line":10,"column":6},"end":{"line":60,"column":1}},{"start":{"line":10,"column":6},"end":{"line":60,"column":1}}],"line":10},"3":{"loc":{"start":{"line":33,"column":2},"end":{"line":43,"column":3}},"type":"if","locations":[{"start":{"line":33,"column":2},"end":{"line":43,"column":3}},{"start":{"line":33,"column":2},"end":{"line":43,"column":3}}],"line":33},"4":{"loc":{"start":{"line":35,"column":8},"end":{"line":40,"column":4}},"type":"if","locations":[{"start":{"line":35,"column":8},"end":{"line":40,"column":4}},{"start":{"line":35,"column":8},"end":{"line":40,"column":4}}],"line":35},"5":{"loc":{"start":{"line":54,"column":1},"end":{"line":59,"column":1}},"type":"if","locations":[{"start":{"line":54,"column":1},"end":{"line":59,"column":1}},{"start":{"line":54,"column":1},"end":{"line":59,"column":1}}],"line":54},"6":{"loc":{"start":{"line":54,"column":5},"end":{"line":54,"column":31}},"type":"binary-expr","locations":[{"start":{"line":54,"column":5},"end":{"line":54,"column":19}},{"start":{"line":54,"column":23},"end":{"line":54,"column":31}}],"line":54}},"s":{"0":6,"1":1,"2":5,"3":1,"4":4,"5":1,"6":3,"7":3,"8":3,"9":3,"10":3,"11":3,"12":3,"13":3,"14":46,"15":3,"16":3,"17":46,"18":23,"19":23,"20":9,"21":9,"22":14,"23":23,"24":3,"25":20,"26":3,"27":20,"28":3,"29":3,"30":2,"31":1,"32":1},"f":{"0":6,"1":20,"2":20},"b":{"0":[1,5],"1":[1,4],"2":[1,3],"3":[23,23],"4":[9,14],"5":[2,1],"6":[3,2]},"_coverageSchema":"d34fc3e6b8297bcde183f5492bcb8fcb36775295","hash":"0e40c95a9eb7ce0cb1680345aa2def5fe5911bfc","contentHash":"5db0f6c635a9905819439ce7146f82cf"}}